<?xml version="1.0" encoding="UTF-8"?>
<!-- Generated by org.testng.reporters.JUnitReportReporter -->
<testsuite skipped="0" hostname="Aswaniz" name="executetests.HomeTest" tests="1" failures="0" timestamp="2023-01-20T09:51:51 IST" time="15.175" errors="0">
  <testcase name="printHomePageTitles" time="15.175" classname="executetests.HomeTest"/>
  <system-out/>
</testsuite> <!-- executetests.HomeTest -->
