<?xml version="1.0" encoding="UTF-8"?>
<!-- Generated by org.testng.reporters.JUnitReportReporter -->
<testsuite skipped="0" hostname="Aswaniz" name="executetests.DatePickersTest" tests="1" failures="0" timestamp="2023-01-24T19:51:38 IST" time="16.949" errors="0">
  <testcase name="selectADate" time="16.949" classname="executetests.DatePickersTest"/>
  <system-out/>
</testsuite> <!-- executetests.DatePickersTest -->
