<?xml version="1.0" encoding="UTF-8"?>
<!-- Generated by org.testng.reporters.JUnitReportReporter -->
<testsuite skipped="0" hostname="Aswaniz" name="executetests.TableTest" tests="1" failures="0" timestamp="2023-01-23T08:24:05 IST" time="55.611" errors="0">
  <testcase name="verifyText" time="55.611" classname="executetests.TableTest"/>
  <system-out/>
</testsuite> <!-- executetests.TableTest -->
